<?xml version="1.0" encoding="UTF-8"?>
<Site BuildName="Win32-MSBuild"
	BuildStamp="20240327-1708-Experimental"
	Name="Krishna-Laptop"
	Generator="ctest-3.29.0"
	CompilerName="C:/Program Files/Microsoft Visual Studio/2022/Community/VC/Tools/MSVC/14.39.33519/bin/Hostx64/x64/cl.exe"
	CompilerVersion="19.39.33523.0"
	OSName="Windows"
	Hostname="Krishna-Laptop"
	OSRelease=" Personal"
	OSVersion=" (Build 22631)"
	OSPlatform="AMD64"
	Is64Bits="1"
	VendorString="GenuineIntel"
	VendorID="Intel Corporation"
	FamilyID="6"
	ModelID="10"
	ProcessorCacheSize="-1"
	NumberOfLogicalCPU="12"
	NumberOfPhysicalCPU="10"
	TotalVirtualMemory="74975"
	TotalPhysicalMemory="65247"
	LogicalProcessorsPerPhysical="1"
	ProcessorClockFrequency="2611"
	>
	<Testing>
		<StartDateTime>Mar 27 10:30 Pacific Daylight Time</StartDateTime>
		<StartTestTime>1711560606</StartTestTime>
		<TestList/>
		<EndDateTime>Mar 27 10:30 Pacific Daylight Time</EndDateTime>
		<EndTestTime>1711560606</EndTestTime>
		<ElapsedMinutes>0</ElapsedMinutes>
	</Testing>
</Site>
